Traceback (most recent call last):
  File "/home/ryan/.conda/envs/work/lib/python3.9/site-packages/jupyter_cache/executors/utils.py", line 51, in single_nb_execution
    executenb(
  File "/home/ryan/.conda/envs/work/lib/python3.9/site-packages/nbclient/client.py", line 1112, in execute
    return NotebookClient(nb=nb, resources=resources, km=km, **kwargs).execute()
  File "/home/ryan/.conda/envs/work/lib/python3.9/site-packages/nbclient/util.py", line 74, in wrapped
    return just_run(coro(*args, **kwargs))
  File "/home/ryan/.conda/envs/work/lib/python3.9/site-packages/nbclient/util.py", line 53, in just_run
    return loop.run_until_complete(coro)
  File "/home/ryan/.conda/envs/work/lib/python3.9/asyncio/base_events.py", line 642, in run_until_complete
    return future.result()
  File "/home/ryan/.conda/envs/work/lib/python3.9/site-packages/nbclient/client.py", line 553, in async_execute
    await self.async_execute_cell(
  File "/home/ryan/.conda/envs/work/lib/python3.9/site-packages/nbclient/client.py", line 857, in async_execute_cell
    self._check_raise_for_error(cell, exec_reply)
  File "/home/ryan/.conda/envs/work/lib/python3.9/site-packages/nbclient/client.py", line 760, in _check_raise_for_error
    raise CellExecutionError.from_cell_and_msg(cell, exec_reply_content)
nbclient.exceptions.CellExecutionError: An error occurred while executing the following cell:
------------------
A=np.array([[-7,3,0],[7,-19,12],[0,4,-12]])
b=np.array([-20,0,-8])

np.linalg.solve(A,b)
for i in range(0,3):
    print('[{:5.1f} {:5.1f} {:5.1f}] {} [{:3.1f}] {} [{:5.1f}]'.format(*A[i],'*',x[i],'=',b[i]))
------------------

[0;31m---------------------------------------------------------------------------[0m
[0;31mNameError[0m                                 Traceback (most recent call last)
[0;32m<ipython-input-2-18a5472e615e>[0m in [0;36m<module>[0;34m[0m
[1;32m      4[0m [0mnp[0m[0;34m.[0m[0mlinalg[0m[0;34m.[0m[0msolve[0m[0;34m([0m[0mA[0m[0;34m,[0m[0mb[0m[0;34m)[0m[0;34m[0m[0;34m[0m[0m
[1;32m      5[0m [0;32mfor[0m [0mi[0m [0;32min[0m [0mrange[0m[0;34m([0m[0;36m0[0m[0;34m,[0m[0;36m3[0m[0;34m)[0m[0;34m:[0m[0;34m[0m[0;34m[0m[0m
[0;32m----> 6[0;31m     [0mprint[0m[0;34m([0m[0;34m'[{:5.1f} {:5.1f} {:5.1f}] {} [{:3.1f}] {} [{:5.1f}]'[0m[0;34m.[0m[0mformat[0m[0;34m([0m[0;34m*[0m[0mA[0m[0;34m[[0m[0mi[0m[0;34m][0m[0;34m,[0m[0;34m'*'[0m[0;34m,[0m[0mx[0m[0;34m[[0m[0mi[0m[0;34m][0m[0;34m,[0m[0;34m'='[0m[0;34m,[0m[0mb[0m[0;34m[[0m[0mi[0m[0;34m][0m[0;34m)[0m[0;34m)[0m[0;34m[0m[0;34m[0m[0m
[0m
[0;31mNameError[0m: name 'x' is not defined
NameError: name 'x' is not defined

